<?xml version="1.0" encoding="UTF-8"?>
<testng-results ignored="0" total="3" passed="2" failed="1" skipped="0">
  <reporter-output>
  </reporter-output>
  <suite started-at="2025-03-24T17:43:36 IST" name="Test Suite" finished-at="2025-03-24T17:44:29 IST" duration-ms="53320">
    <groups>
    </groups>
    <test started-at="2025-03-24T17:43:36 IST" name="Test1" finished-at="2025-03-24T17:43:50 IST" duration-ms="14595">
      <class name="com.iasys.testCases.LoginTestCases">
        <test-method is-config="true" signature="startTest(org.testng.ITestResult)[pri:0, instance:com.iasys.testCases.LoginTestCases@cc43f62]" started-at="2025-03-24T17:43:36 IST" name="startTest" finished-at="2025-03-24T17:43:36 IST" duration-ms="4" status="PASS">
          <params>
            <param index="0">
              <value>
                <![CDATA[[TestResult name={null} status=CREATED method=LoginTestCases.TC_01_loginWithValidcredentials()[pri:0, instance:com.iasys.testCases.LoginTestCases@cc43f62] output={null}]]]>
              </value>
            </param>
          </params>
          <reporter-output>
          </reporter-output>
        </test-method> <!-- startTest -->
        <test-method is-config="true" signature="setUp()[pri:0, instance:com.iasys.testCases.LoginTestCases@cc43f62]" started-at="2025-03-24T17:43:36 IST" name="setUp" finished-at="2025-03-24T17:43:46 IST" duration-ms="10596" status="PASS">
          <reporter-output>
          </reporter-output>
        </test-method> <!-- setUp -->
        <test-method signature="TC_01_loginWithValidcredentials()[pri:0, instance:com.iasys.testCases.LoginTestCases@cc43f62]" started-at="2025-03-24T17:43:46 IST" name="TC_01_loginWithValidcredentials" finished-at="2025-03-24T17:43:50 IST" duration-ms="3411" status="PASS">
          <reporter-output>
          </reporter-output>
        </test-method> <!-- TC_01_loginWithValidcredentials -->
        <test-method is-config="true" signature="tearDown()[pri:0, instance:com.iasys.testCases.LoginTestCases@cc43f62]" started-at="2025-03-24T17:43:50 IST" name="tearDown" finished-at="2025-03-24T17:43:50 IST" duration-ms="534" status="PASS">
          <reporter-output>
          </reporter-output>
        </test-method> <!-- tearDown -->
        <test-method is-config="true" signature="captureResult(org.testng.ITestResult)[pri:0, instance:com.iasys.testCases.LoginTestCases@cc43f62]" started-at="2025-03-24T17:43:50 IST" name="captureResult" finished-at="2025-03-24T17:43:50 IST" duration-ms="6" status="PASS">
          <params>
            <param index="0">
              <value>
                <![CDATA[[TestResult name=TC_01_loginWithValidcredentials status=SUCCESS method=LoginTestCases.TC_01_loginWithValidcredentials()[pri:0, instance:com.iasys.testCases.LoginTestCases@cc43f62] output={null}]]]>
              </value>
            </param>
          </params>
          <reporter-output>
          </reporter-output>
        </test-method> <!-- captureResult -->
      </class> <!-- com.iasys.testCases.LoginTestCases -->
    </test> <!-- Test1 -->
    <test started-at="2025-03-24T17:43:50 IST" name="Test2" finished-at="2025-03-24T17:44:01 IST" duration-ms="10667">
      <class name="com.iasys.testCases.LoginTestCases">
        <test-method is-config="true" signature="startTest(org.testng.ITestResult)[pri:0, instance:com.iasys.testCases.LoginTestCases@15a34df2]" started-at="2025-03-24T17:43:50 IST" name="startTest" finished-at="2025-03-24T17:43:50 IST" duration-ms="0" status="PASS">
          <params>
            <param index="0">
              <value>
                <![CDATA[[TestResult name={null} status=CREATED method=LoginTestCases.TC_02_loginWithInvalidcredentials()[pri:0, instance:com.iasys.testCases.LoginTestCases@15a34df2] output={null}]]]>
              </value>
            </param>
          </params>
          <reporter-output>
          </reporter-output>
        </test-method> <!-- startTest -->
        <test-method is-config="true" signature="setUp()[pri:0, instance:com.iasys.testCases.LoginTestCases@15a34df2]" started-at="2025-03-24T17:43:50 IST" name="setUp" finished-at="2025-03-24T17:44:00 IST" duration-ms="9407" status="PASS">
          <reporter-output>
          </reporter-output>
        </test-method> <!-- setUp -->
        <test-method signature="TC_02_loginWithInvalidcredentials()[pri:0, instance:com.iasys.testCases.LoginTestCases@15a34df2]" started-at="2025-03-24T17:44:00 IST" name="TC_02_loginWithInvalidcredentials" finished-at="2025-03-24T17:44:01 IST" duration-ms="787" status="FAIL">
          <exception class="java.lang.AssertionError">
            <message>
              <![CDATA[Login not possible due to invalid cedentails expected [true] but found [false]]]>
            </message>
            <full-stacktrace>
              <![CDATA[java.lang.AssertionError: Login not possible due to invalid cedentails expected [true] but found [false]
at org.testng.Assert.fail(Assert.java:111)
at org.testng.Assert.failNotEquals(Assert.java:1578)
at org.testng.Assert.assertTrue(Assert.java:57)
at com.iasys.testCases.LoginTestCases.TC_02_loginWithInvalidcredentials(LoginTestCases.java:64)
at java.base/jdk.internal.reflect.DirectMethodHandleAccessor.invoke(DirectMethodHandleAccessor.java:103)
at java.base/java.lang.reflect.Method.invoke(Method.java:580)
at org.testng.internal.invokers.MethodInvocationHelper.invokeMethod(MethodInvocationHelper.java:141)
at org.testng.internal.invokers.TestInvoker.invokeMethod(TestInvoker.java:686)
at org.testng.internal.invokers.TestInvoker.invokeTestMethod(TestInvoker.java:230)
at org.testng.internal.invokers.MethodRunner.runInSequence(MethodRunner.java:63)
at org.testng.internal.invokers.TestInvoker$MethodInvocationAgent.invoke(TestInvoker.java:992)
at org.testng.internal.invokers.TestInvoker.invokeTestMethods(TestInvoker.java:203)
at org.testng.internal.invokers.TestMethodWorker.invokeTestMethods(TestMethodWorker.java:154)
at org.testng.internal.invokers.TestMethodWorker.run(TestMethodWorker.java:134)
at java.base/java.util.ArrayList.forEach(ArrayList.java:1597)
at org.testng.TestRunner.privateRun(TestRunner.java:739)
at org.testng.TestRunner.run(TestRunner.java:614)
at org.testng.SuiteRunner.runTest(SuiteRunner.java:421)
at org.testng.SuiteRunner.runSequentially(SuiteRunner.java:413)
at org.testng.SuiteRunner.privateRun(SuiteRunner.java:373)
at org.testng.SuiteRunner.run(SuiteRunner.java:312)
at org.testng.SuiteRunnerWorker.runSuite(SuiteRunnerWorker.java:52)
at org.testng.SuiteRunnerWorker.run(SuiteRunnerWorker.java:95)
at org.testng.TestNG.runSuitesSequentially(TestNG.java:1274)
at org.testng.TestNG.runSuitesLocally(TestNG.java:1208)
at org.testng.TestNG.runSuites(TestNG.java:1112)
at org.testng.TestNG.run(TestNG.java:1079)
at org.testng.remote.AbstractRemoteTestNG.run(AbstractRemoteTestNG.java:115)
at org.testng.remote.RemoteTestNG.initAndRun(RemoteTestNG.java:293)
at org.testng.remote.RemoteTestNG.main(RemoteTestNG.java:91)
]]>
            </full-stacktrace>
          </exception> <!-- java.lang.AssertionError -->
          <reporter-output>
          </reporter-output>
        </test-method> <!-- TC_02_loginWithInvalidcredentials -->
        <test-method is-config="true" signature="tearDown()[pri:0, instance:com.iasys.testCases.LoginTestCases@15a34df2]" started-at="2025-03-24T17:44:01 IST" name="tearDown" finished-at="2025-03-24T17:44:01 IST" duration-ms="466" status="PASS">
          <reporter-output>
          </reporter-output>
        </test-method> <!-- tearDown -->
        <test-method is-config="true" signature="captureResult(org.testng.ITestResult)[pri:0, instance:com.iasys.testCases.LoginTestCases@15a34df2]" started-at="2025-03-24T17:44:01 IST" name="captureResult" finished-at="2025-03-24T17:44:01 IST" duration-ms="1" status="PASS">
          <params>
            <param index="0">
              <value>
                <![CDATA[[TestResult name=TC_02_loginWithInvalidcredentials status=FAILURE method=LoginTestCases.TC_02_loginWithInvalidcredentials()[pri:0, instance:com.iasys.testCases.LoginTestCases@15a34df2] output={null}]]]>
              </value>
            </param>
          </params>
          <reporter-output>
          </reporter-output>
        </test-method> <!-- captureResult -->
      </class> <!-- com.iasys.testCases.LoginTestCases -->
    </test> <!-- Test2 -->
    <test started-at="2025-03-24T17:44:01 IST" name="Test3" finished-at="2025-03-24T17:44:29 IST" duration-ms="27979">
      <class name="com.iasys.testCases.LoginTestCases">
        <test-method is-config="true" signature="setExtentReport()[pri:0, instance:com.iasys.testCases.LoginTestCases@338fc1d8]" started-at="2025-03-24T17:43:36 IST" name="setExtentReport" finished-at="2025-03-24T17:43:36 IST" duration-ms="166" status="PASS">
          <reporter-output>
          </reporter-output>
        </test-method> <!-- setExtentReport -->
        <test-method is-config="true" signature="startTest(org.testng.ITestResult)[pri:0, instance:com.iasys.testCases.LoginTestCases@338fc1d8]" started-at="2025-03-24T17:44:01 IST" name="startTest" finished-at="2025-03-24T17:44:01 IST" duration-ms="1" status="PASS">
          <params>
            <param index="0">
              <value>
                <![CDATA[[TestResult name={null} status=CREATED method=LoginTestCases.TC_03_MultipleWindowHandleTest()[pri:0, instance:com.iasys.testCases.LoginTestCases@338fc1d8] output={null}]]]>
              </value>
            </param>
          </params>
          <reporter-output>
          </reporter-output>
        </test-method> <!-- startTest -->
        <test-method is-config="true" signature="setUp()[pri:0, instance:com.iasys.testCases.LoginTestCases@338fc1d8]" started-at="2025-03-24T17:44:01 IST" name="setUp" finished-at="2025-03-24T17:44:11 IST" duration-ms="9854" status="PASS">
          <reporter-output>
          </reporter-output>
        </test-method> <!-- setUp -->
        <test-method signature="TC_03_MultipleWindowHandleTest()[pri:0, instance:com.iasys.testCases.LoginTestCases@338fc1d8]" started-at="2025-03-24T17:44:11 IST" name="TC_03_MultipleWindowHandleTest" finished-at="2025-03-24T17:44:29 IST" duration-ms="17576" status="PASS">
          <reporter-output>
          </reporter-output>
        </test-method> <!-- TC_03_MultipleWindowHandleTest -->
        <test-method is-config="true" signature="tearDown()[pri:0, instance:com.iasys.testCases.LoginTestCases@338fc1d8]" started-at="2025-03-24T17:44:29 IST" name="tearDown" finished-at="2025-03-24T17:44:29 IST" duration-ms="535" status="PASS">
          <reporter-output>
          </reporter-output>
        </test-method> <!-- tearDown -->
        <test-method is-config="true" signature="captureResult(org.testng.ITestResult)[pri:0, instance:com.iasys.testCases.LoginTestCases@338fc1d8]" started-at="2025-03-24T17:44:29 IST" name="captureResult" finished-at="2025-03-24T17:44:29 IST" duration-ms="2" status="PASS">
          <params>
            <param index="0">
              <value>
                <![CDATA[[TestResult name=TC_03_MultipleWindowHandleTest status=SUCCESS method=LoginTestCases.TC_03_MultipleWindowHandleTest()[pri:0, instance:com.iasys.testCases.LoginTestCases@338fc1d8] output={null}]]]>
              </value>
            </param>
          </params>
          <reporter-output>
          </reporter-output>
        </test-method> <!-- captureResult -->
        <test-method is-config="true" signature="endReport()[pri:0, instance:com.iasys.testCases.LoginTestCases@338fc1d8]" started-at="2025-03-24T17:44:29 IST" name="endReport" finished-at="2025-03-24T17:44:29 IST" duration-ms="218" status="PASS">
          <reporter-output>
          </reporter-output>
        </test-method> <!-- endReport -->
      </class> <!-- com.iasys.testCases.LoginTestCases -->
    </test> <!-- Test3 -->
  </suite> <!-- Test Suite -->
</testng-results>
